[debug] [2022-11-28T12:48:47.692Z] ----------------------------------------------------------------------
[debug] [2022-11-28T12:48:47.694Z] Command:       C:\Program Files\nodejs\node.exe C:\Users\HTCM\AppData\Roaming\npm\node_modules\firebase-tools\lib\bin\firebase.js deploy
[debug] [2022-11-28T12:48:47.694Z] CLI Version:   11.16.0
[debug] [2022-11-28T12:48:47.694Z] Platform:      win32
[debug] [2022-11-28T12:48:47.694Z] Node Version:  v16.15.1
[debug] [2022-11-28T12:48:47.695Z] Time:          Mon Nov 28 2022 18:48:47 GMT+0600 (Bangladesh Standard Time)
[debug] [2022-11-28T12:48:47.695Z] ----------------------------------------------------------------------
[debug] 
[debug] [2022-11-28T12:48:47.743Z] > command requires scopes: ["email","openid","https://www.googleapis.com/auth/cloudplatformprojects.readonly","https://www.googleapis.com/auth/firebase","https://www.googleapis.com/auth/cloud-platform"]
[debug] [2022-11-28T12:48:47.743Z] > authorizing via signed-in user (rumelchow340@gmail.com)
[debug] [2022-11-28T12:48:47.743Z] [iam] checking project mobile-bikroy for permissions ["firebase.projects.get","firebasehosting.sites.update"]
[debug] [2022-11-28T12:48:47.745Z] >>> [apiv2][query] POST https://cloudresourcemanager.googleapis.com/v1/projects/mobile-bikroy:testIamPermissions [none]
[debug] [2022-11-28T12:48:47.745Z] >>> [apiv2][(partial)header] POST https://cloudresourcemanager.googleapis.com/v1/projects/mobile-bikroy:testIamPermissions x-goog-quota-user=projects/mobile-bikroy
[debug] [2022-11-28T12:48:47.745Z] >>> [apiv2][body] POST https://cloudresourcemanager.googleapis.com/v1/projects/mobile-bikroy:testIamPermissions {"permissions":["firebase.projects.get","firebasehosting.sites.update"]}
[debug] [2022-11-28T12:48:49.393Z] <<< [apiv2][status] POST https://cloudresourcemanager.googleapis.com/v1/projects/mobile-bikroy:testIamPermissions 200
[debug] [2022-11-28T12:48:49.393Z] <<< [apiv2][body] POST https://cloudresourcemanager.googleapis.com/v1/projects/mobile-bikroy:testIamPermissions {"permissions":["firebase.projects.get","firebasehosting.sites.update"]}
[debug] [2022-11-28T12:48:49.394Z] >>> [apiv2][query] GET https://firebase.googleapis.com/v1beta1/projects/mobile-bikroy [none]
[debug] [2022-11-28T12:48:50.065Z] <<< [apiv2][status] GET https://firebase.googleapis.com/v1beta1/projects/mobile-bikroy 200
[debug] [2022-11-28T12:48:50.066Z] <<< [apiv2][body] GET https://firebase.googleapis.com/v1beta1/projects/mobile-bikroy {"projectId":"mobile-bikroy","projectNumber":"426204682690","displayName":"mobile-bikroy","name":"projects/mobile-bikroy","resources":{"hostingSite":"mobile-bikroy","storageBucket":"mobile-bikroy.appspot.com","locationId":"us-central"},"state":"ACTIVE","etag":"1_e5db5ac2-7e7e-4920-9342-cede207db2be"}
[info] 
[info] === Deploying to 'mobile-bikroy'...
[info] 
[info] i  deploying hosting 
[debug] [2022-11-28T12:48:50.072Z] >>> [apiv2][query] POST https://firebasehosting.googleapis.com/v1beta1/projects/-/sites/mobile-bikroy/versions [none]
[debug] [2022-11-28T12:48:50.072Z] >>> [apiv2][body] POST https://firebasehosting.googleapis.com/v1beta1/projects/-/sites/mobile-bikroy/versions {"status":"CREATED","labels":{"deployment-tool":"cli-firebase"}}
[debug] [2022-11-28T12:48:51.784Z] <<< [apiv2][status] POST https://firebasehosting.googleapis.com/v1beta1/projects/-/sites/mobile-bikroy/versions 200
[debug] [2022-11-28T12:48:51.785Z] <<< [apiv2][body] POST https://firebasehosting.googleapis.com/v1beta1/projects/-/sites/mobile-bikroy/versions {"name":"projects/426204682690/sites/mobile-bikroy/versions/4807fd494c22a7d1","status":"CREATED","config":{},"labels":{"deployment-tool":"cli-firebase"}}
[info] i  hosting[mobile-bikroy]: beginning deploy... 
[info] i  hosting[mobile-bikroy]: found 19 files in build 
[debug] [2022-11-28T12:48:54.589Z] [hosting] uploading with 200 concurrency
[debug] [2022-11-28T12:48:54.863Z] [hosting] hash cache [YnVpbGQ] stored for 19 files
[debug] [2022-11-28T12:48:54.864Z] [hosting][hash queue][FINAL] {"max":270,"min":2,"avg":20.42105263157895,"active":0,"complete":19,"success":19,"errored":0,"retried":0,"total":19,"elapsed":273}
[debug] [2022-11-28T12:48:54.864Z] >>> [apiv2][query] POST https://firebasehosting.googleapis.com/v1beta1/projects/426204682690/sites/mobile-bikroy/versions/4807fd494c22a7d1:populateFiles [none]
[debug] [2022-11-28T12:48:54.864Z] >>> [apiv2][body] POST https://firebasehosting.googleapis.com/v1beta1/projects/426204682690/sites/mobile-bikroy/versions/4807fd494c22a7d1:populateFiles {"files":{"/favicon.ico":"6dc2e1b81bd722c18b47480ebd66a010a74b32a743faeb9a83b00e0ddcb133a7","/logo192.png":"3ee59515172ee198f3be375979df15ac5345183e656720a381b8872b2a39dc8b","/logo512.png":"ee7e2f3fdb8209c4b6fd7bef6ba50d1b9dba30a25bb5c3126df057e1cb6f5331","/manifest.json":"aff3449bdc238776f5d6d967f19ec491b36aed5fb7f23ccff6500736fd58494a","/robots.txt":"bfe106a3fb878dc83461c86818bf74fc1bdc7f28538ba613cd3e775516ce8b49","/asset-manifest.json":"18f9884a5d1358054c5e4e860d01a1f19ee8d7502fa93c81fbbeccada20ebdaf","/index.html":"b1b9d53a3b7c1d69ee9d64613391cf7cefa28a978edd12635c0ef8bf5d2f29e0","/static/js/main.ec048d8c.js.LICENSE.txt":"f621b4e7f4e61953028a8d52b85cfaaac237bfffcb40034341de36786ecc3b16","/static/js/787.9099a488.chunk.js":"83b41bf2236d0e64cad0ce1749f3093b24a70f82d5c45fe5b2290ac7f60956bb","/static/js/787.9099a488.chunk.js.map":"5abef94d7ce93a235108138af74bd99a73da8a88e926da6bfdbada2bd84e8c74","/static/media/banner1.b406f080d047f32ac3e0.webp":"7b253274a787222f8f806b4714db3248892722c032d48863153083aabf6d5b6a","/static/media/banner2.633eca157e8fbbe960e8.webp":"0f45e4bfb0993c4c994ecc21d4bcf696e17e26d37a212e5b0e907f629e3939df","/static/media/displaymobile.704eb7a603d9539056f7.webp":"38b3966c23ae15a66308cbf635917c90af38c314b9036b8e9bcca235c0a46755","/static/media/banner3.be11d17ffb3a7d05365e.jpg":"c172a40b68f5ba997fc8bc13508db1882bc8ee4a64fde282363d14fefe9de61f","/static/css/main.5c95c2f0.css":"808e8e1086d40737a937d4f31a5d39f852f0e60abbc4467ed522d28c59c535f2","/static/css/main.5c95c2f0.css.map":"bdf10e29df0f83c866e9fc058f561f2166f318ea72b94a3da888aa0b1a52e7ee","/static/media/banner4.b0dfa5755157af146933.jpg":"0ac8aa3867ccec33c7b4fc9471eead086a05e83fdc8b3ff8fdfc1935e50d143b","/static/js/main.ec048d8c.js":"1d388ece8ef78c13241aa081b84f604563b7d9d134ddb70711c89ecf91fbcc35","/static/js/main.ec048d8c.js.map":"5247db7020a0cb914beead344a7ec8c909f0ab807156b29699401ea04f47f053"}}
[debug] [2022-11-28T12:48:57.325Z] <<< [apiv2][status] POST https://firebasehosting.googleapis.com/v1beta1/projects/426204682690/sites/mobile-bikroy/versions/4807fd494c22a7d1:populateFiles 200
[debug] [2022-11-28T12:48:57.325Z] <<< [apiv2][body] POST https://firebasehosting.googleapis.com/v1beta1/projects/426204682690/sites/mobile-bikroy/versions/4807fd494c22a7d1:populateFiles {"uploadRequiredHashes":["5247db7020a0cb914beead344a7ec8c909f0ab807156b29699401ea04f47f053"],"uploadUrl":"https://upload-firebasehosting.googleapis.com/upload/sites/mobile-bikroy/versions/4807fd494c22a7d1/files"}
[debug] [2022-11-28T12:48:57.326Z] >>> [apiv2][query] POST https://upload-firebasehosting.googleapis.com/upload/sites/mobile-bikroy/versions/4807fd494c22a7d1/files/5247db7020a0cb914beead344a7ec8c909f0ab807156b29699401ea04f47f053 [none]
[debug] [2022-11-28T12:48:57.326Z] >>> [apiv2][body] POST https://upload-firebasehosting.googleapis.com/upload/sites/mobile-bikroy/versions/4807fd494c22a7d1/files/5247db7020a0cb914beead344a7ec8c909f0ab807156b29699401ea04f47f053 [stream]
[debug] [2022-11-28T12:48:57.326Z] [hosting][populate queue][FINAL] {"max":2462,"min":2462,"avg":2462,"active":0,"complete":1,"success":1,"errored":0,"retried":0,"total":1,"elapsed":2463}
[debug] [2022-11-28T12:48:57.327Z] [hosting] uploads queued: 1
[debug] [2022-11-28T12:50:09.831Z] [uploadQueue] Retrying task 5247db7020a0cb914beead344a7ec8c909f0ab807156b29699401ea04f47f053
[debug] [2022-11-28T12:50:09.832Z] >>> [apiv2][query] POST https://upload-firebasehosting.googleapis.com/upload/sites/mobile-bikroy/versions/4807fd494c22a7d1/files/5247db7020a0cb914beead344a7ec8c909f0ab807156b29699401ea04f47f053 [none]
[debug] [2022-11-28T12:50:09.832Z] >>> [apiv2][body] POST https://upload-firebasehosting.googleapis.com/upload/sites/mobile-bikroy/versions/4807fd494c22a7d1/files/5247db7020a0cb914beead344a7ec8c909f0ab807156b29699401ea04f47f053 [stream]
